生成启动时间为 2018/8/15 13:36:37。
     1>项目“C:\Users\llaiqj\Desktop\黄江哲的Demo\黄江哲的Demo\黄江哲的Demo.vcxproj”在节点 2 上(build 个目标)。
     1>InitializeBuildStatus:
         正在创建“Debug\黄江哲的Demo.unsuccessfulbuild”，因为已指定“AlwaysCreate”。
       ClCompile:
         d:\VS\VC\bin\CL.exe /c /ZI /nologo /W3 /WX- /Od /Oy- /D WIN32 /D _DEBUG /D _CONSOLE /D _UNICODE /D UNICODE /Gm /EHsc /RTC1 /MDd /GS /fp:precise /Zc:wchar_t /Zc:forScope /Fo"Debug\\" /Fd"Debug\vc100.pdb" /Gd /TP /analyze- /errorReport:prompt Demo.cpp
         Demo.cpp
       ManifestResourceCompile:
         所有输出均为最新。
       Link:
         d:\VS\VC\bin\link.exe /ERRORREPORT:PROMPT /OUT:"C:\Users\llaiqj\Desktop\黄江哲的Demo\Debug\黄江哲的Demo.exe" /INCREMENTAL /NOLOGO kernel32.lib user32.lib gdi32.lib winspool.lib comdlg32.lib advapi32.lib shell32.lib ole32.lib oleaut32.lib uuid.lib odbc32.lib odbccp32.lib /MANIFEST /ManifestFile:"Debug\黄江哲的Demo.exe.intermediate.manifest" /MANIFESTUAC:"level='asInvoker' uiAccess='false'" /DEBUG /PDB:"C:\Users\llaiqj\Desktop\黄江哲的Demo\Debug\黄江哲的Demo.pdb" /SUBSYSTEM:CONSOLE /TLBID:1 /DYNAMICBASE /NXCOMPAT /IMPLIB:"C:\Users\llaiqj\Desktop\黄江哲的Demo\Debug\黄江哲的Demo.lib" /MACHINE:X86 "Debug\黄江哲的Demo.exe.embed.manifest.res"
         Debug\Demo.obj
       Manifest:
         C:\Program Files (x86)\Microsoft SDKs\Windows\v7.0A\bin\mt.exe /nologo /verbose /out:"Debug\黄江哲的Demo.exe.embed.manifest" /manifest "Debug\黄江哲的Demo.exe.intermediate.manifest"
         所有输出均为最新。
       LinkEmbedManifest:
         所有输出均为最新。
         黄江哲的Demo.vcxproj -> C:\Users\llaiqj\Desktop\黄江哲的Demo\Debug\黄江哲的Demo.exe
       FinalizeBuildStatus:
         正在删除文件“Debug\黄江哲的Demo.unsuccessfulbuild”。
         正在对“Debug\黄江哲的Demo.lastbuildstate”执行 Touch 任务。
     1>已完成生成项目“C:\Users\llaiqj\Desktop\黄江哲的Demo\黄江哲的Demo\黄江哲的Demo.vcxproj”(build 个目标)的操作。

生成成功。

已用时间 00:00:01.08
